#
# There is insufficient memory for the Java Runtime Environment to continue.
# Native memory allocation (mmap) failed to map 134217728 bytes for G1 virtual space
# Possible reasons:
#   The system is out of physical RAM or swap space
#   The process is running with CompressedOops enabled, and the Java Heap may be blocking the growth of the native heap
# Possible solutions:
#   Reduce memory load on the system
#   Increase physical memory or swap space
#   Check if swap backing store is full
#   Decrease Java heap size (-Xmx/-Xms)
#   Decrease number of Java threads
#   Decrease Java thread stack sizes (-Xss)
#   Set larger code cache with -XX:ReservedCodeCacheSize=
#   JVM is running with Unscaled Compressed Oops mode in which the Java heap is
#     placed in the first 4GB address space. The Java Heap base address is the
#     maximum limit for the native heap growth. Please use -XX:HeapBaseMinAddress
#     to set the Java Heap base and to place the Java Heap above 4GB virtual address.
# This output file may be truncated or incomplete.
#
#  Out of Memory Error (os_windows.cpp:3550), pid=6184, tid=12788
#
# JRE version:  (17.0.7+8) (build )
# Java VM: Java HotSpot(TM) 64-Bit Server VM (17.0.7+8-LTS-224, mixed mode, sharing, tiered, compressed oops, compressed class ptrs, g1 gc, windows-amd64)
# No core dump will be written. Minidumps are not enabled by default on client versions of Windows
#

---------------  S U M M A R Y ------------

Command Line: -Dfile.encoding=UTF-8 -XX:+ShowCodeDetailsInExceptionMessages com.software_design.sales_system.Main

Host: Intel(R) Core(TM) i5-4200U CPU @ 1.60GHz, 4 cores, 7G,  Windows 10 , 64 bit Build 19041 (10.0.19041.2913)
Time: Sun Jun  4 17:56:57 2023 Malay Peninsula Standard Time elapsed time: 0.019972 seconds (0d 0h 0m 0s)

---------------  T H R E A D  ---------------

Current thread (0x000002cf3335a920):  JavaThread "Unknown thread" [_thread_in_vm, id=12788, stack(0x000000e477c00000,0x000000e477d00000)]

Stack: [0x000000e477c00000,0x000000e477d00000]
Native frames: (J=compiled Java code, j=interpreted, Vv=VM code, C=native code)
V  [jvm.dll+0x676a4a]
V  [jvm.dll+0x7d74f4]
V  [jvm.dll+0x7d8c9e]
V  [jvm.dll+0x7d9303]
V  [jvm.dll+0x2452c5]
V  [jvm.dll+0x6738f9]
V  [jvm.dll+0x668232]
V  [jvm.dll+0x302826]
V  [jvm.dll+0x309da6]
V  [jvm.dll+0x35952e]
V  [jvm.dll+0x35975f]
V  [jvm.dll+0x2d9a38]
V  [jvm.dll+0x2da9a4]
V  [jvm.dll+0x7a8fb1]
V  [jvm.dll+0x3670e1]
V  [jvm.dll+0x788359]
V  [jvm.dll+0x3ea5ef]
V  [jvm.dll+0x3ec071]
C  [jli.dll+0x5297]
C  [ucrtbase.dll+0x21bb2]
C  [KERNEL32.DLL+0x17614]
C  [ntdll.dll+0x526a1]


---------------  P R O C E S S  ---------------

Threads class SMR info:
_java_thread_list=0x00007ffdbf344998, length=0, elements={
}

Java Threads: ( => current thread )

Other Threads:
  0x000002cf333b5be0 GCTaskThread "GC Thread#0" [stack: 0x000000e477d00000,0x000000e477e00000] [id=7856]
  0x000002cf333c6f40 ConcurrentGCThread "G1 Main Marker" [stack: 0x000000e477e00000,0x000000e477f00000] [id=13432]
  0x000002cf333c7950 ConcurrentGCThread "G1 Conc#0" [stack: 0x000000e477f00000,0x000000e478000000] [id=4336]

[error occurred during error reporting (printing all threads), id 0xc0000005, EXCEPTION_ACCESS_VIOLATION (0xc0000005) at pc=0x00007ffdbeb7a697]

VM state: not at safepoint (not fully initialized)

VM Mutex/Monitor currently owned by a thread:  ([mutex/lock_event])
[0x000002cf33357ac0] Heap_lock - owner thread: 0x000002cf3335a920

Heap address: 0x0000000081c00000, size: 2020 MB, Compressed Oops mode: 32-bit

CDS archive(s) mapped at: [0x0000000000000000-0x0000000000000000-0x0000000000000000), size 0, SharedBaseAddress: 0x0000000800000000, ArchiveRelocationMode: 0.
Narrow klass base: 0x0000000000000000, Narrow klass shift: 0, Narrow klass range: 0x0

GC Precious Log:
<Empty>

Heap:
 garbage-first heap   total 0K, used 0K [0x0000000081c00000, 0x0000000100000000)
  region size 1024K, 0 young (0K), 0 survivors (0K)

[error occurred during error reporting (printing heap information), id 0xc0000005, EXCEPTION_ACCESS_VIOLATION (0xc0000005) at pc=0x00007ffdbef600b9]

GC Heap History (0 events):
No events

Deoptimization events (0 events):
No events

Classes unloaded (0 events):
No events

Classes redefined (0 events):
No events

Internal exceptions (0 events):
No events

VM Operations (0 events):
No events

Events (1 events):
Event: 0.011 Loaded shared library C:\Program Files\Java\jdk-17\bin\java.dll


Dynamic libraries:
0x00007ff615db0000 - 0x00007ff615dc0000 	C:\Program Files\Java\jdk-17\bin\javaw.exe
0x00007ffe2eb70000 - 0x00007ffe2ed68000 	C:\Windows\SYSTEM32\ntdll.dll
0x00007ffe2ea70000 - 0x00007ffe2eb2f000 	C:\Windows\System32\KERNEL32.DLL
0x00007ffe2c480000 - 0x00007ffe2c776000 	C:\Windows\System32\KERNELBASE.dll
0x00007ffe2c8e0000 - 0x00007ffe2c9e0000 	C:\Windows\System32\ucrtbase.dll
0x00007ffe25af0000 - 0x00007ffe25b09000 	C:\Program Files\Java\jdk-17\bin\jli.dll
0x00007ffe2cd40000 - 0x00007ffe2cdef000 	C:\Windows\System32\ADVAPI32.dll
0x00007ffe2de00000 - 0x00007ffe2de9e000 	C:\Windows\System32\msvcrt.dll
0x00007ffe2e9d0000 - 0x00007ffe2ea6c000 	C:\Windows\System32\sechost.dll
0x00007ffe2ce20000 - 0x00007ffe2cf46000 	C:\Windows\System32\RPCRT4.dll
0x00007ffe25930000 - 0x00007ffe2594b000 	C:\Program Files\Java\jdk-17\bin\VCRUNTIME140.dll
0x00007ffe2dbd0000 - 0x00007ffe2dd6d000 	C:\Windows\System32\USER32.dll
0x00007ffe2c450000 - 0x00007ffe2c472000 	C:\Windows\System32\win32u.dll
0x00007ffe2cdf0000 - 0x00007ffe2ce1c000 	C:\Windows\System32\GDI32.dll
0x00007ffe2cab0000 - 0x00007ffe2cbc5000 	C:\Windows\System32\gdi32full.dll
0x00007ffe1fb00000 - 0x00007ffe1fd9a000 	C:\Windows\WinSxS\amd64_microsoft.windows.common-controls_6595b64144ccf1df_6.0.19041.1110_none_60b5254171f9507e\COMCTL32.dll
0x00007ffe2ca10000 - 0x00007ffe2caad000 	C:\Windows\System32\msvcp_win.dll
0x00007ffe21d60000 - 0x00007ffe21d6a000 	C:\Windows\SYSTEM32\VERSION.dll
0x00007ffe2cbd0000 - 0x00007ffe2cc00000 	C:\Windows\System32\IMM32.DLL
0x00007ffe25ae0000 - 0x00007ffe25aec000 	C:\Program Files\Java\jdk-17\bin\vcruntime140_1.dll
0x00007ffe17f50000 - 0x00007ffe17fde000 	C:\Program Files\Java\jdk-17\bin\msvcp140.dll
0x00007ffdbe890000 - 0x00007ffdbf46d000 	C:\Program Files\Java\jdk-17\bin\server\jvm.dll
0x00007ffe2cc00000 - 0x00007ffe2cc08000 	C:\Windows\System32\PSAPI.DLL
0x00007ffe16ad0000 - 0x00007ffe16ad9000 	C:\Windows\SYSTEM32\WSOCK32.dll
0x00007ffe21d30000 - 0x00007ffe21d57000 	C:\Windows\SYSTEM32\WINMM.dll
0x00007ffe2e0e0000 - 0x00007ffe2e14b000 	C:\Windows\System32\WS2_32.dll
0x00007ffe2a110000 - 0x00007ffe2a122000 	C:\Windows\SYSTEM32\kernel.appcore.dll
0x00007ffe25390000 - 0x00007ffe2539a000 	C:\Program Files\Java\jdk-17\bin\jimage.dll
0x00007ffe29940000 - 0x00007ffe29b24000 	C:\Windows\SYSTEM32\DBGHELP.DLL
0x00007ffe1cdf0000 - 0x00007ffe1ce24000 	C:\Windows\SYSTEM32\dbgcore.DLL
0x00007ffe2c250000 - 0x00007ffe2c2d2000 	C:\Windows\System32\bcryptPrimitives.dll
0x00007ffe1c840000 - 0x00007ffe1c865000 	C:\Program Files\Java\jdk-17\bin\java.dll

dbghelp: loaded successfully - version: 4.0.5 - missing functions: none
symbol engine: initialized successfully - sym options: 0x614 - pdb path: .;C:\Program Files\Java\jdk-17\bin;C:\Windows\SYSTEM32;C:\Windows\WinSxS\amd64_microsoft.windows.common-controls_6595b64144ccf1df_6.0.19041.1110_none_60b5254171f9507e;C:\Program Files\Java\jdk-17\bin\server

VM Arguments:
jvm_args: -Dfile.encoding=UTF-8 -XX:+ShowCodeDetailsInExceptionMessages 
java_command: com.software_design.sales_system.Main
java_class_path (initial): C:\Users\User\OneDrive\COURSE\Software Design\Project\Code\KMS_Sales_System\bin;C:\Users\User\OneDrive\COURSE\Visual Programming\Lab\Lab 6\Lab 6- Database Connection\mysql-connector-j-8.0.33.jar
Launcher Type: SUN_STANDARD

[Global flags]
     intx CICompilerCount                          = 3                                         {product} {ergonomic}
     uint ConcGCThreads                            = 1                                         {product} {ergonomic}
     uint G1ConcRefinementThreads                  = 4                                         {product} {ergonomic}
   size_t G1HeapRegionSize                         = 1048576                                   {product} {ergonomic}
    uintx GCDrainStackTargetSize                   = 64                                        {product} {ergonomic}
   size_t InitialHeapSize                          = 134217728                                 {product} {ergonomic}
   size_t MarkStackSize                            = 4194304                                   {product} {ergonomic}
   size_t MaxHeapSize                              = 2118123520                                {product} {ergonomic}
   size_t MinHeapDeltaBytes                        = 1048576                                   {product} {ergonomic}
   size_t MinHeapSize                              = 8388608                                   {product} {ergonomic}
    uintx NonNMethodCodeHeapSize                   = 5832780                                {pd product} {ergonomic}
    uintx NonProfiledCodeHeapSize                  = 122912730                              {pd product} {ergonomic}
    uintx ProfiledCodeHeapSize                     = 122912730                              {pd product} {ergonomic}
    uintx ReservedCodeCacheSize                    = 251658240                              {pd product} {ergonomic}
     bool SegmentedCodeCache                       = true                                      {product} {ergonomic}
     bool ShowCodeDetailsInExceptionMessages       = true                                   {manageable} {command line}
   size_t SoftMaxHeapSize                          = 2118123520                             {manageable} {ergonomic}
     bool UseCompressedClassPointers               = true                           {product lp64_product} {ergonomic}
     bool UseCompressedOops                        = true                           {product lp64_product} {ergonomic}
     bool UseG1GC                                  = true                                      {product} {ergonomic}
     bool UseLargePagesIndividualAllocation        = false                                  {pd product} {ergonomic}

Logging:
Log output configuration:
 #0: stdout all=warning uptime,level,tags
 #1: stderr all=off uptime,level,tags

Environment Variables:
JAVA_HOME=C:\Program Files\Java\jdk-17
PATH=C:/Users/User/.p2/pool/plugins/org.eclipse.justj.openjdk.hotspot.jre.full.win32.x86_64_17.0.7.v20230425-1502/jre/bin/server;C:/Users/User/.p2/pool/plugins/org.eclipse.justj.openjdk.hotspot.jre.full.win32.x86_64_17.0.7.v20230425-1502/jre/bin;C:\Program Files\Common Files\Oracle\Java\javapath;C:\Program Files (x86)\Common Files\Oracle\Java\javapath;C:\Windows\system32;C:\Windows;C:\Windows\System32\Wbem;C:\Windows\System32\WindowsPowerShell\v1.0\;C:\Windows\System32\OpenSSH\;C:\Program Files\Git\cmd;C:\Program Files\nodejs\;C:\Program Files\dotnet\;C:\Program Files\Java\jdk-17;C:\Program Files\Java\jdk-17\bin;C:\Users\User\AppData\Local\Microsoft\WindowsApps;C:\Users\User\AppData\Local\Programs\Microsoft VS Code\bin;C:\Program Files\mingw-w64\x86_64-8.1.0-posix-seh-rt_v6-rev0\mingw64\bin;C:\Users\User\Desktop\PHP;C:\Users\User\AppData\Local\atom\bin;C:\Users\User\AppData\Roaming\npm;C:\Users\User\Desktop;
USERNAME=User
OS=Windows_NT
PROCESSOR_IDENTIFIER=Intel64 Family 6 Model 69 Stepping 1, GenuineIntel



---------------  S Y S T E M  ---------------

OS:
 Windows 10 , 64 bit Build 19041 (10.0.19041.2913)
OS uptime: 0 days 7:34 hours

CPU: total 4 (initial active 4) (2 cores per cpu, 2 threads per core) family 6 model 69 stepping 1 microcode 0x25, cx8, cmov, fxsr, ht, mmx, sse, sse2, sse3, ssse3, sse4.1, sse4.2, popcnt, lzcnt, tsc, tscinvbit, avx, avx2, aes, erms, clmul, bmi1, bmi2, fma, vzeroupper, clflush

Memory: 4k page, system-wide physical 8075M (946M free)
TotalPageFile size 10123M (AvailPageFile size 119M)
current process WorkingSet (physical memory assigned to process): 10M, peak: 10M
current process commit charge ("private bytes"): 51M, peak: 179M

vm_info: Java HotSpot(TM) 64-Bit Server VM (17.0.7+8-LTS-224) for windows-amd64 JRE (17.0.7+8-LTS-224), built on Feb 28 2023 23:03:02 by "mach5one" with MS VC++ 17.1 (VS2022)

END.
